  [4;36;1mSQL (0.5ms)[0m   [0;1m SELECT name
 FROM sqlite_master
 WHERE type = 'table' AND NOT name = 'sqlite_sequence'
[0m
  [4;35;1mSQL (37.7ms)[0m   [0mselect sqlite_version(*)[0m
  [4;36;1mSQL (3.2ms)[0m   [0;1mCREATE TABLE "schema_migrations" ("version" varchar(255) NOT NULL) [0m
  [4;35;1mSQL (2.2ms)[0m   [0mCREATE UNIQUE INDEX "unique_schema_migrations" ON "schema_migrations" ("version")[0m
  [4;36;1mSQL (0.3ms)[0m   [0;1m SELECT name
 FROM sqlite_master
 WHERE type = 'table' AND NOT name = 'sqlite_sequence'
[0m
  [4;35;1mSQL (0.1ms)[0m   [0mSELECT version FROM schema_migrations[0m
Migrating to CreateMonsters (20090404151805)
  [4;36;1mSQL (0.9ms)[0m   [0;1mCREATE TABLE "monsters" ("id" INTEGER PRIMARY KEY AUTOINCREMENT NOT NULL, "name" varchar(255), "created_at" datetime, "updated_at" datetime) [0m
  [4;35;1mMonster Create (0.2ms)[0m   [0mINSERT INTO "monsters" ("name", "updated_at", "created_at") VALUES('cookie monster', '2009-04-04 15:27:25', '2009-04-04 15:27:25')[0m
  [4;36;1mMonster Create (0.1ms)[0m   [0;1mINSERT INTO "monsters" ("name", "updated_at", "created_at") VALUES('loch ness monster', '2009-04-04 15:27:25', '2009-04-04 15:27:25')[0m
  [4;35;1mMonster Create (0.1ms)[0m   [0mINSERT INTO "monsters" ("name", "updated_at", "created_at") VALUES('purple tentacle', '2009-04-04 15:27:25', '2009-04-04 15:27:25')[0m
  [4;36;1mSQL (0.2ms)[0m   [0;1mINSERT INTO schema_migrations (version) VALUES ('20090404151805')[0m
  [4;35;1mSQL (0.5ms)[0m   [0m SELECT name
 FROM sqlite_master
 WHERE type = 'table' AND NOT name = 'sqlite_sequence'
[0m
  [4;36;1mSQL (0.2ms)[0m   [0;1mSELECT version FROM schema_migrations[0m
  [4;35;1mSQL (0.3ms)[0m   [0m SELECT name
 FROM sqlite_master
 WHERE type = 'table' AND NOT name = 'sqlite_sequence'
[0m
  [4;36;1mSQL (0.1ms)[0m   [0;1mPRAGMA index_list("monsters")[0m


Processing MonstersController#index (for 127.0.0.1 at 2009-04-04 11:27:33) [GET]
  [4;36;1mMonster Load (0.8ms)[0m   [0;1mSELECT * FROM "monsters" [0m
Rendering template within layouts/monsters
Rendering monsters/index
Completed in 112ms (View: 107, DB: 1) | 200 OK [http://localhost/]


Processing MonstersController#index (for 127.0.0.1 at 2009-04-04 11:27:53) [GET]
  [4;35;1mMonster Load (0.8ms)[0m   [0mSELECT * FROM "monsters" [0m
Rendering template within layouts/monsters
Rendering monsters/index
Completed in 12ms (View: 6, DB: 1) | 200 OK [http://localhost/]


Processing MonstersController#index (for 127.0.0.1 at 2009-04-04 11:28:51) [GET]
  [4;36;1mMonster Load (0.7ms)[0m   [0;1mSELECT * FROM "monsters" [0m
Rendering template within layouts/monsters
Rendering monsters/index
Completed in 13ms (View: 6, DB: 1) | 200 OK [http://localhost/]


Processing MonstersController#index (for 127.0.0.1 at 2009-04-04 11:29:19) [GET]
  [4;35;1mMonster Load (0.7ms)[0m   [0mSELECT * FROM "monsters" [0m
Rendering template within layouts/monsters
Rendering monsters/index
Completed in 13ms (View: 6, DB: 1) | 200 OK [http://localhost/]
